총 URL (중복 포함): 30
[1] OK 224268992896 | 2026. 4. 29. 11:31 | 276자 | tags=0 | [유어라인] 래쉬에딕트 후기
[2] OK 224259628791 | 2026. 4. 21. 9:38 | 389자 | tags=0 | 빨리 시술해야 할까요?
[3] DUP (이미 #2 처리됨): 224259628791
[4] OK 224189277476 | 2026. 2. 20. 12:29 | 1115자 | tags=1 | [유어라인] 이수역 속눈썹 펌 재 방문이 많은이유??
[5] OK 224172351641 | 2026. 2. 5. 9:46 | 277자 | tags=1 | [유어라인] 펌 포인트 연장
[6] OK 224145934729 | 2026. 1. 14. 9:48 | 394자 | tags=1 | [유어라인] 예쁜 이수역 영양가득 속눈썹펌
[7] OK 224140234541 | 2026. 1. 9. 11:14 | 442자 | tags=1 | [유어라인] 착한 가격으로 돌아온 메디핑크
[8] OK 224140167347 | 2026. 1. 9. 10:19 | 783자 | tags=1 | [유어라인] 무쌍 속눈썹펌
[9] OK 224064000862 | 2025. 11. 4. 10:07 | 250자 | tags=0 | [유어라인] 메디핑크 이수역 (구 리턴핑크)
[10] OK 224063978555 | 2025. 11. 4. 9:48 | 163자 | tags=0 | [유어라인] 이수역 예쁜 속눈썹펌
[11] OK 224055025355 | 2025. 10. 27. 10:52 | 259자 | tags=0 | [유어라인]무쌍 속눈썹펌
[12] OK 224055015334 | 2025. 10. 27. 10:44 | 236자 | tags=0 | [유어라인] 포인트 마스카라 연장
[13] DUP (이미 #12 처리됨): 224055015334
[14] OK 223969717320 | 2025. 8. 13. 23:13 | 90자 | tags=0 | [유어라인] 클래식 연장, 마스카라 연장
[15] OK 223919196382 | 2025. 7. 2. 14:17 | 132자 | tags=0 | 메디핑크 (리턴핑크)
[16] OK 223919189752 | 2025. 7. 2. 14:11 | 18자 | tags=0 | 일반연장과 마스카라 연장 동시에!
[17] OK 223908657010 | 2025. 6. 23. 13:56 | 84자 | tags=0 | 바짝 펌!
[18] OK 223908629737 | 2025. 6. 23. 13:34 | 129자 | tags=0 | 뽀 세 럼 -영양+결뭉+픽서
[19] OK 223908618090 | 2025. 6. 23. 13:24 | 234자 | tags=0 | 마스카라 연장
[20] OK 223899957846 | 2025. 6. 15. 15:48 | 96자 | tags=0 | 속눈썹 펌
[21] OK 223899954394 | 2025. 6. 15. 15:44 | 57자 | tags=0 | Half 연장
[22] OK 223893473093 | 2025. 6. 9. 16:30 | 138자 | tags=0 | 메디핑크 (리턴핑크)
[23] OK 223893459064 | 2025. 6. 9. 16:19 | 195자 | tags=0 | LED연장 하프
[24] OK 223884738568 | 2025. 6. 1. 9:35 | 171자 | tags=0 | 속눈썹 펌
[25] OK 223884735912 | 2025. 6. 1. 9:30 | 134자 | tags=0 | 마스카라 연장
[26] OK 223865018222 | 2025. 5. 14. 9:18 | 228자 | tags=0 | 리턴 핑크 (메디핑크)
[27] OK 223865006196 | 2025. 5. 14. 9:03 | 128자 | tags=0 | 하프 LED 연장
[28] OK 223864594334 | 2025. 5. 13. 20:46 | 366자 | tags=0 | 튼튼 영양제! 마스카라 대용ok 펑키블랙!!
[29] OK 223772697568 | 2025. 2. 25. 9:21 | 882자 | tags=0 | 리턴 핑크
[30] SKIP (메인 블로그 URL): https://blog.naver.com/uareline